Performing C SOURCE FILE Test CMAKE_HAVE_LIBC_PTHREAD failed with the following output:
Change Dir: /home/summer/isdc/build/CMakeFiles/CMakeTmp

Run Build Command(s):/usr/bin/make -f Makefile cmTC_a1127/fast && /usr/bin/make  -f CMakeFiles/cmTC_a1127.dir/build.make CMakeFiles/cmTC_a1127.dir/build
make[1]: Entering directory '/home/summer/isdc/build/CMakeFiles/CMakeTmp'
Building C object CMakeFiles/cmTC_a1127.dir/src.c.o
/usr/bin/gcc -DCMAKE_HAVE_LIBC_PTHREAD   -o CMakeFiles/cmTC_a1127.dir/src.c.o -c /home/summer/isdc/build/CMakeFiles/CMakeTmp/src.c
Linking C executable cmTC_a1127
/opt/cmake/bin/cmake -E cmake_link_script CMakeFiles/cmTC_a1127.dir/link.txt --verbose=1
/usr/bin/gcc -rdynamic CMakeFiles/cmTC_a1127.dir/src.c.o -o cmTC_a1127 
/usr/bin/ld: CMakeFiles/cmTC_a1127.dir/src.c.o: in function `main':
src.c:(.text+0x46): undefined reference to `pthread_create'
/usr/bin/ld: src.c:(.text+0x52): undefined reference to `pthread_detach'
/usr/bin/ld: src.c:(.text+0x5e): undefined reference to `pthread_cancel'
/usr/bin/ld: src.c:(.text+0x6f): undefined reference to `pthread_join'
collect2: error: ld returned 1 exit status
make[1]: *** [CMakeFiles/cmTC_a1127.dir/build.make:99: cmTC_a1127] Error 1
make[1]: Leaving directory '/home/summer/isdc/build/CMakeFiles/CMakeTmp'
make: *** [Makefile:127: cmTC_a1127/fast] Error 2


Source file was:
#include <pthread.h>

static void* test_func(void* data)
{
  return data;
}

int main(void)
{
  pthread_t thread;
  pthread_create(&thread, NULL, test_func, NULL);
  pthread_detach(thread);
  pthread_cancel(thread);
  pthread_join(thread, NULL);
  pthread_atfork(NULL, NULL, NULL);
  pthread_exit(NULL);

  return 0;
}

Determining if the function pthread_create exists in the pthreads failed with the following output:
Change Dir: /home/summer/isdc/build/CMakeFiles/CMakeTmp

Run Build Command(s):/usr/bin/make -f Makefile cmTC_04fa9/fast && /usr/bin/make  -f CMakeFiles/cmTC_04fa9.dir/build.make CMakeFiles/cmTC_04fa9.dir/build
make[1]: Entering directory '/home/summer/isdc/build/CMakeFiles/CMakeTmp'
Building C object CMakeFiles/cmTC_04fa9.dir/CheckFunctionExists.c.o
/usr/bin/gcc   -DCHECK_FUNCTION_EXISTS=pthread_create -o CMakeFiles/cmTC_04fa9.dir/CheckFunctionExists.c.o -c /opt/cmake/share/cmake-3.20/Modules/CheckFunctionExists.c
Linking C executable cmTC_04fa9
/opt/cmake/bin/cmake -E cmake_link_script CMakeFiles/cmTC_04fa9.dir/link.txt --verbose=1
/usr/bin/gcc  -DCHECK_FUNCTION_EXISTS=pthread_create -rdynamic CMakeFiles/cmTC_04fa9.dir/CheckFunctionExists.c.o -o cmTC_04fa9  -lpthreads 
/usr/bin/ld: cannot find -lpthreads
collect2: error: ld returned 1 exit status
make[1]: *** [CMakeFiles/cmTC_04fa9.dir/build.make:99: cmTC_04fa9] Error 1
make[1]: Leaving directory '/home/summer/isdc/build/CMakeFiles/CMakeTmp'
make: *** [Makefile:127: cmTC_04fa9/fast] Error 2



Determining if the function sgemm_ exists failed with the following output:
Change Dir: /home/summer/isdc/build/CMakeFiles/CMakeTmp

Run Build Command(s):/usr/bin/make -f Makefile cmTC_4600c/fast && /usr/bin/make  -f CMakeFiles/cmTC_4600c.dir/build.make CMakeFiles/cmTC_4600c.dir/build
make[1]: Entering directory '/home/summer/isdc/build/CMakeFiles/CMakeTmp'
Building C object CMakeFiles/cmTC_4600c.dir/CheckFunctionExists.c.o
/usr/bin/gcc   -DCHECK_FUNCTION_EXISTS=sgemm_ -o CMakeFiles/cmTC_4600c.dir/CheckFunctionExists.c.o -c /opt/cmake/share/cmake-3.20/Modules/CheckFunctionExists.c
Linking C executable cmTC_4600c
/opt/cmake/bin/cmake -E cmake_link_script CMakeFiles/cmTC_4600c.dir/link.txt --verbose=1
/usr/bin/gcc  -DCHECK_FUNCTION_EXISTS=sgemm_ CMakeFiles/cmTC_4600c.dir/CheckFunctionExists.c.o -o cmTC_4600c 
/usr/bin/ld: CMakeFiles/cmTC_4600c.dir/CheckFunctionExists.c.o: in function `main':
CheckFunctionExists.c:(.text+0x14): undefined reference to `sgemm_'
collect2: error: ld returned 1 exit status
make[1]: *** [CMakeFiles/cmTC_4600c.dir/build.make:99: cmTC_4600c] Error 1
make[1]: Leaving directory '/home/summer/isdc/build/CMakeFiles/CMakeTmp'
make: *** [Makefile:127: cmTC_4600c/fast] Error 2



